<?xml version='1.0' encoding='UTF-8'?>
<testsuite hostname="nsadeh46-mac" name="actorbintree.BinaryTreeSuite" tests="3" errors="0" failures="1" skipped="0" time="5.072" timestamp="2020-06-03T21:46:38">
                     <properties>
[...]
</properties>
                     <testcase classname="actorbintree.BinaryTreeSuite" name="instruction example (5pts)" time="0.031">
                                                 
                                               </testcase><testcase classname="actorbintree.BinaryTreeSuite" name="proper inserts and lookups (5pts)" time="0.004">
                                                 
                                               </testcase><testcase classname="actorbintree.BinaryTreeSuite" name="behave identically to built-in set (includes GC) (40pts)" time="5.037">
                                                 <failure message="java.lang.RuntimeException: failure to receive confirmation 13/1000
java.lang.AssertionError: assertion failed: timeout (4999448932 nanoseconds) during expectMsgClass waiting for interface actorbintree.BinaryTreeSet$OperationReply" type="sbt.ForkMain$ForkError">sbt.ForkMain$ForkError: java.lang.RuntimeException: failure to receive confirmation 13/1000
java.lang.AssertionError: assertion failed: timeout (4999448932 nanoseconds) during expectMsgClass waiting for interface actorbintree.BinaryTreeSet$OperationReply
	at scala.sys.package$.error(package.scala:27)
	at actorbintree.BinaryTreeSuite.$anonfun$receiveN$2(BinaryTreeSuite.scala:23)
	at actorbintree.BinaryTreeSuite.$anonfun$receiveN$2$adapted(BinaryTreeSuite.scala:20)
	at scala.collection.immutable.Range.map(Range.scala:59)
	at actorbintree.BinaryTreeSuite.$anonfun$receiveN$1(BinaryTreeSuite.scala:20)
	at scala.runtime.java8.JFunction0$mcV$sp.apply(JFunction0$mcV$sp.scala:18)
	at akka.testkit.TestKitBase.within(TestKit.scala:375)
	at akka.testkit.TestKitBase.within$(TestKit.scala:363)
	at akka.testkit.TestKit.within(TestKit.scala:928)
	at akka.testkit.TestKitBase.within(TestKit.scala:390)
	at akka.testkit.TestKitBase.within$(TestKit.scala:390)
	at akka.testkit.TestKit.within(TestKit.scala:928)
	at actorbintree.BinaryTreeSuite.receiveN(BinaryTreeSuite.scala:19)
	at actorbintree.BinaryTreeSuite.behave$u0020identically$u0020to$u0020built$minusin$u0020set$u0020$u0028includes$u0020GC$u0029$u0020$u002840pts$u0029(BinaryTreeSuite.scala:124)
	at java.base/jdk.internal.reflect.NativeMethodAccessorImpl.invoke0(Native Method)
	at java.base/jdk.internal.reflect.NativeMethodAccessorImpl.invoke(NativeMethodAccessorImpl.java:62)
	at java.base/jdk.internal.reflect.DelegatingMethodAccessorImpl.invoke(DelegatingMethodAccessorImpl.java:43)
	at java.base/java.lang.reflect.Method.invoke(Method.java:567)
	at org.junit.runners.model.FrameworkMethod$1.runReflectiveCall(FrameworkMethod.java:47)
	at org.junit.internal.runners.model.ReflectiveCallable.run(ReflectiveCallable.java:12)
	at org.junit.runners.model.FrameworkMethod.invokeExplosively(FrameworkMethod.java:44)
	at org.junit.internal.runners.statements.InvokeMethod.evaluate(InvokeMethod.java:17)
	at org.junit.runners.ParentRunner.runLeaf(ParentRunner.java:271)
	at org.junit.runners.BlockJUnit4ClassRunner.runChild(BlockJUnit4ClassRunner.java:70)
	at org.junit.runners.BlockJUnit4ClassRunner.runChild(BlockJUnit4ClassRunner.java:50)
	at org.junit.runners.ParentRunner$3.run(ParentRunner.java:238)
	at org.junit.runners.ParentRunner$1.schedule(ParentRunner.java:63)
	at org.junit.runners.ParentRunner.runChildren(ParentRunner.java:236)
	at org.junit.runners.ParentRunner.access$000(ParentRunner.java:53)
	at org.junit.runners.ParentRunner$2.evaluate(ParentRunner.java:229)
	at org.junit.runners.ParentRunner.run(ParentRunner.java:309)
	at org.junit.runners.Suite.runChild(Suite.java:127)
	at org.junit.runners.Suite.runChild(Suite.java:26)
	at org.junit.runners.ParentRunner$3.run(ParentRunner.java:238)
	at org.junit.runners.ParentRunner$1.schedule(ParentRunner.java:63)
	at org.junit.runners.ParentRunner.runChildren(ParentRunner.java:236)
	at org.junit.runners.ParentRunner.access$000(ParentRunner.java:53)
	at org.junit.runners.ParentRunner$2.evaluate(ParentRunner.java:229)
	at org.junit.runners.ParentRunner.run(ParentRunner.java:309)
	at org.junit.runner.JUnitCore.run(JUnitCore.java:160)
	at org.junit.runner.JUnitCore.run(JUnitCore.java:138)
	at com.novocode.junit.JUnitRunner$1.execute(JUnitRunner.java:132)
	at sbt.ForkMain$Run.lambda$runTest$1(ForkMain.java:304)
	at java.base/java.util.concurrent.FutureTask.run(FutureTask.java:264)
	at java.base/java.util.concurrent.ThreadPoolExecutor.runWorker(ThreadPoolExecutor.java:1128)
	at java.base/java.util.concurrent.ThreadPoolExecutor$Worker.run(ThreadPoolExecutor.java:628)
	at java.base/java.lang.Thread.run(Thread.java:830)
</failure>
                                               </testcase>
                     <system-out><![CDATA[]]></system-out>
                     <system-err><![CDATA[]]></system-err>
                   </testsuite>